<?xml version="1.0" encoding="UTF-8"?>
<!-- Generated by org.testng.reporters.JUnitXMLReporter -->
<testsuite hostname="DEL" ignored="1" name="Default test" tests="2" failures="0" timestamp="12 Jun 2019 08:09:44 GMT" time="0.063" errors="0">
  <testcase name="composeMail" time="0.015" classname="testNG_Programs.Annotation4"/>
  <testcase name="drafts" time="0.0" classname="testNG_Programs.Annotation4"/>
  <testcase name="facebook" time="0.0" classname="testNG_Programs.Annotation4">
    <ignored/>
  </testcase> <!-- facebook -->
</testsuite> <!-- Default test -->
