<?xml version="1.0" encoding="UTF-8"?>
<!-- Generated by org.testng.reporters.JUnitXMLReporter -->
<testsuite hostname="DEL" ignored="1" name="HomePage" tests="4" failures="0" timestamp="18 Jul 2019 16:11:14 GMT" time="0.06" errors="0">
  <testcase name="addAdmin" time="0.016" classname="com.Krishna.TestNGGroups"/>
  <testcase name="addJobTitle" time="0.0" classname="com.Krishna.TestNGGroups"/>
  <testcase name="addPayGrades" time="0.0" classname="com.Krishna.TestNGGroups"/>
  <testcase name="editEmployee" time="0.0" classname="com.Krishna.TestNGGroups"/>
  <testcase name="deleteEmployee" time="0.0" classname="com.Krishna.TestNGGroups">
    <ignored/>
  </testcase> <!-- deleteEmployee -->
</testsuite> <!-- HomePage -->
