<?xml version="1.0" encoding="UTF-8"?>
<testng-results skipped="0" failed="0" ignored="0" total="1" passed="1">
  <reporter-output>
  </reporter-output>
  <suite name="Default suite" duration-ms="93405" started-at="2019-07-19T06:46:47Z" finished-at="2019-07-19T06:48:20Z">
    <groups>
    </groups>
    <test name="Default test" duration-ms="93405" started-at="2019-07-19T06:46:47Z" finished-at="2019-07-19T06:48:20Z">
      <class name="com.datadriven.LavaKumar">
        <test-method status="PASS" signature="setup()[pri:0, instance:com.datadriven.LavaKumar@2bbf4b8b]" name="setup" is-config="true" duration-ms="81341" started-at="2019-07-19T06:46:47Z" finished-at="2019-07-19T06:48:08Z">
          <reporter-output>
          </reporter-output>
        </test-method> <!-- setup -->
        <test-method status="PASS" signature="test()[pri:0, instance:com.datadriven.LavaKumar@2bbf4b8b]" name="test" duration-ms="11345" started-at="2019-07-19T06:48:08Z" finished-at="2019-07-19T06:48:19Z">
          <reporter-output>
          </reporter-output>
        </test-method> <!-- test -->
        <test-method status="PASS" signature="teardown()[pri:0, instance:com.datadriven.LavaKumar@2bbf4b8b]" name="teardown" is-config="true" duration-ms="663" started-at="2019-07-19T06:48:19Z" finished-at="2019-07-19T06:48:20Z">
          <reporter-output>
          </reporter-output>
        </test-method> <!-- teardown -->
      </class> <!-- com.datadriven.LavaKumar -->
    </test> <!-- Default test -->
  </suite> <!-- Default suite -->
</testng-results>
