<?xml version="1.0" encoding="UTF-8"?>
<testng-results skipped="0" failed="0" ignored="0" total="1" passed="1">
  <reporter-output>
  </reporter-output>
  <suite name="Default suite" duration-ms="58930" started-at="2019-06-19T09:44:56Z" finished-at="2019-06-19T09:45:55Z">
    <groups>
    </groups>
    <test name="Default test" duration-ms="58930" started-at="2019-06-19T09:44:56Z" finished-at="2019-06-19T09:45:55Z">
      <class name="com.hybrid.TestCase_HomePage">
        <test-method status="PASS" signature="setUp()[pri:0, instance:com.hybrid.TestCase_HomePage@52feb982]" name="setUp" is-config="true" duration-ms="20801" started-at="2019-06-19T09:44:56Z" finished-at="2019-06-19T09:45:17Z">
          <reporter-output>
          </reporter-output>
        </test-method> <!-- setUp -->
        <test-method status="PASS" signature="homePage()[pri:0, instance:com.hybrid.TestCase_HomePage@52feb982]" name="homePage" duration-ms="37424" started-at="2019-06-19T09:45:17Z" finished-at="2019-06-19T09:45:54Z">
          <reporter-output>
          </reporter-output>
        </test-method> <!-- homePage -->
        <test-method status="PASS" signature="tearDown()[pri:0, instance:com.hybrid.TestCase_HomePage@52feb982]" name="tearDown" is-config="true" duration-ms="687" started-at="2019-06-19T09:45:54Z" finished-at="2019-06-19T09:45:55Z">
          <reporter-output>
          </reporter-output>
        </test-method> <!-- tearDown -->
      </class> <!-- com.hybrid.TestCase_HomePage -->
    </test> <!-- Default test -->
  </suite> <!-- Default suite -->
</testng-results>
